<?xml version="1.0" encoding="UTF-8"?>
<testsuite xmlns:xsi="http://www.w3.org/2001/XMLSchema-instance" xsi:noNamespaceSchemaLocation="https://maven.apache.org/surefire/maven-surefire-plugin/xsd/surefire-test-report.xsd" name="org.trsfrm.file.parser.XmlFileParserTest" time="0.022" tests="4" errors="0" skipped="0" failures="0">
  <properties>
[...]
</properties>
  <testcase name="ArrayDataTagTest" classname="org.trsfrm.file.parser.XmlFileParserTest" time="0.001"/>
  <testcase name="ArrayDataAttributeTest" classname="org.trsfrm.file.parser.XmlFileParserTest" time="0.002"/>
  <testcase name="EmptyDataTest" classname="org.trsfrm.file.parser.XmlFileParserTest" time="0.003"/>
  <testcase name="wrongDataTagTest" classname="org.trsfrm.file.parser.XmlFileParserTest" time="0.01"/>
</testsuite>